0 info it worked if it ends with ok
1 verbose cli [ '/usr/local/bin/node', '/usr/local/bin/npm', 'start' ]
2 info using npm@3.10.10
3 info using node@v6.10.1
4 verbose run-script [ 'prestart', 'start', 'poststart' ]
5 info lifecycle @~prestart: @
6 silly lifecycle @~prestart: no script for prestart, continuing
7 info lifecycle @~start: @
8 verbose lifecycle @~start: unsafe-perm in lifecycle true
9 verbose lifecycle @~start: PATH: /usr/local/lib/node_modules/npm/bin/node-gyp-bin:/Users/faruqe/dev/book/pro_angular/lab/JavaScriptPrimer/node_modules/.bin:/usr/local/bin:/usr/bin:/bin:/usr/sbin:/sbin:/Library/Frameworks/Mono.framework/Versions/Current/Commands:/Applications:/Users/faruqe/dev/tools/apache-maven-3.5.0/bin:/var/hadoop/hadoop-2.8.1/bin:/var/hadoop/hadoop-2.8.1/sbin:/var/hadoop/hadoop-2.8.1/share/hadoop/mapreduce/hadoop-mapreduce-client-core-2.8.1.jar:/var/hadoop/hadoop-2.8.1/share/hadoop/common/hadoop-common-2.8.1.jar:/var/hadoop/hadoop-2.8.1/share/hadoop/tools/lib/commons-cli-1.2.jar:.
10 verbose lifecycle @~start: CWD: /Users/faruqe/dev/book/pro_angular/lab/JavaScriptPrimer
11 silly lifecycle @~start: Args: [ '-c', 'concurrently"npm run tscwatch""npm run lite"' ]
12 info lifecycle @~start: Failed to exec start script
13 verbose stack Error: @ start: `concurrently"npm run tscwatch""npm run lite"`
13 verbose stack spawn ENOENT
13 verbose stack     at ChildProcess.<anonymous> (/usr/local/lib/node_modules/npm/lib/utils/spawn.js:33:16)
13 verbose stack     at emitTwo (events.js:106:13)
13 verbose stack     at ChildProcess.emit (events.js:191:7)
13 verbose stack     at maybeClose (internal/child_process.js:886:16)
13 verbose stack     at Process.ChildProcess._handle.onexit (internal/child_process.js:226:5)
14 verbose pkgid @
15 verbose cwd /Users/faruqe/dev/book/pro_angular/lab/JavaScriptPrimer
16 error Darwin 17.2.0
17 error argv "/usr/local/bin/node" "/usr/local/bin/npm" "start"
18 error node v6.10.1
19 error npm  v3.10.10
20 error file sh
21 error code ELIFECYCLE
22 error errno ENOENT
23 error syscall spawn
24 error @ start: `concurrently"npm run tscwatch""npm run lite"`
24 error spawn ENOENT
25 error Failed at the @ start script 'concurrently"npm run tscwatch""npm run lite"'.
25 error Make sure you have the latest version of node.js and npm installed.
25 error If you do, this is most likely a problem with the  package,
25 error not with npm itself.
25 error Tell the author that this fails on your system:
25 error     concurrently"npm run tscwatch""npm run lite"
25 error You can get information on how to open an issue for this project with:
25 error     npm bugs
25 error Or if that isn't available, you can get their info via:
25 error     npm owner ls
25 error There is likely additional logging output above.
26 verbose exit [ 1, true ]
